0 info it worked if it ends with ok
1 verbose cli [ 'C:\\Program Files\\nodejs\\node.exe',
1 verbose cli   'C:\\Program Files\\nodejs\\node_modules\\npm\\bin\\npm-cli.js',
1 verbose cli   'run',
1 verbose cli   'tsc' ]
2 info using npm@3.10.10
3 info using node@v6.12.0
4 verbose run-script [ 'pretsc', 'tsc', 'posttsc' ]
5 info lifecycle react-require-amd-ts@1.0.0~pretsc: react-require-amd-ts@1.0.0
6 silly lifecycle react-require-amd-ts@1.0.0~pretsc: no script for pretsc, continuing
7 info lifecycle react-require-amd-ts@1.0.0~tsc: react-require-amd-ts@1.0.0
8 verbose lifecycle react-require-amd-ts@1.0.0~tsc: unsafe-perm in lifecycle true
9 verbose lifecycle react-require-amd-ts@1.0.0~tsc: PATH: C:\Program Files\nodejs\node_modules\npm\bin\node-gyp-bin;C:\_code\tahir-hassan.github.io\react-require-amd-ts\node_modules\.bin;C:\_data\Users\th203\ShellWrappers;%SystemRoot%\system32\WindowsPowerShell\v1.0\;C:\Program Files (x86)\Common Files\Oracle\Java\javapath;C:\Program Files\ImageMagick-7.0.7-Q16;C:\Program Files (x86)\Intel\iCLS Client\;C:\Program Files\Intel\iCLS Client\;C:\Windows\system32;C:\Windows;C:\Windows\System32\Wbem;C:\Windows\System32\WindowsPowerShell\v1.0\;C:\Program Files (x86)\Microsoft Application Virtualization Client;C:\Program Files (x86)\Java\jre8\bin\;C:\Windows\system32\config\systemprofile\.dnx\bin;C:\Program Files\Microsoft DNX\Dnvm\;C:\Program Files\Microsoft SQL Server\130\Tools\Binn\;C:\Windows\System32\WindowsPowerShell\v1.0\;C:\Windows\System32\WindowsPowerShell\v1.0\;C:\Program Files\nodejs\;C:\Program Files (x86)\Intel\UCRT\;C:\Program Files\Intel\UCRT\;C:\Program Files (x86)\Intel\Intel(R) Management Engine Components\DAL;C:\Program Files\Intel\Intel(R) Management Engine Components\DAL;C:\Program Files (x86)\Intel\Intel(R) Management Engine Components\IPT;C:\Program Files\Intel\Intel(R) Management Engine Components\IPT;C:\Program Files\dotnet\;C:\Program Files\Git\cmd;C:\Program Files (x86)\Microsoft SQL Server\Client SDK\ODBC\130\Tools\Binn\;C:\Program Files (x86)\Microsoft SQL Server\140\Tools\Binn\;C:\Program Files (x86)\Microsoft SQL Server\140\DTS\Binn\;C:\Program Files (x86)\Microsoft SQL Server\140\Tools\Binn\ManagementStudio\;C:\Program Files\TortoiseSVN\bin;c:\Program Files (x86)\Microsoft ASP.NET\ASP.NET Web Pages\v1.0\;C:\Program Files\AutoHotkey;C:\Program Files (x86)\Vim\vim80\;C:\_programs\ffmpeg\bin;;C:\Program Files\Microsoft VS Code\bin;C:\Windows\System32\WindowsPowerShell\v1.0\;C:\Program Files (x86)\Notepad++;C:\Program Files\Microsoft SQL Server\Client SDK\ODBC\110\Tools\Binn\;C:\Program Files (x86)\Microsoft SQL Server\120\Tools\Binn\;C:\Program Files\Microsoft SQL Server\120\Tools\Binn\;C:\Program Files\Microsoft SQL Server\120\DTS\Binn\;C:\Program Files\TortoiseGit\bin;C:\Users\th203\AppData\Local\atom\bin;\\uol.le.ac.uk\root\staff\setting\w7\T\th203\AppData\Roaming\npm;C:\Program Files\Microsoft VS Code\bin;C:\Program Files (x86)\Microsoft VS Code\bin;C:\_programs\android-sdk\platform-tools;C:\_programs\ffprobe;\\uol.le.ac.uk\root\staff\home\t\th203\My Documents\WindowsPowerShell\Computers\ScriptsUoL
10 verbose lifecycle react-require-amd-ts@1.0.0~tsc: CWD: C:\_code\tahir-hassan.github.io\react-require-amd-ts
11 silly lifecycle react-require-amd-ts@1.0.0~tsc: Args: [ '/d /s /c', 'tsc' ]
12 silly lifecycle react-require-amd-ts@1.0.0~tsc: Returned: code: 2  signal: null
13 info lifecycle react-require-amd-ts@1.0.0~tsc: Failed to exec tsc script
14 verbose stack Error: react-require-amd-ts@1.0.0 tsc: `tsc`
14 verbose stack Exit status 2
14 verbose stack     at EventEmitter.<anonymous> (C:\Program Files\nodejs\node_modules\npm\lib\utils\lifecycle.js:255:16)
14 verbose stack     at emitTwo (events.js:106:13)
14 verbose stack     at EventEmitter.emit (events.js:191:7)
14 verbose stack     at ChildProcess.<anonymous> (C:\Program Files\nodejs\node_modules\npm\lib\utils\spawn.js:40:14)
14 verbose stack     at emitTwo (events.js:106:13)
14 verbose stack     at ChildProcess.emit (events.js:191:7)
14 verbose stack     at maybeClose (internal/child_process.js:920:16)
14 verbose stack     at Process.ChildProcess._handle.onexit (internal/child_process.js:230:5)
15 verbose pkgid react-require-amd-ts@1.0.0
16 verbose cwd C:\_code\tahir-hassan.github.io\react-require-amd-ts
17 error Windows_NT 6.1.7601
18 error argv "C:\\Program Files\\nodejs\\node.exe" "C:\\Program Files\\nodejs\\node_modules\\npm\\bin\\npm-cli.js" "run" "tsc"
19 error node v6.12.0
20 error npm  v3.10.10
21 error code ELIFECYCLE
22 error react-require-amd-ts@1.0.0 tsc: `tsc`
22 error Exit status 2
23 error Failed at the react-require-amd-ts@1.0.0 tsc script 'tsc'.
23 error Make sure you have the latest version of node.js and npm installed.
23 error If you do, this is most likely a problem with the react-require-amd-ts package,
23 error not with npm itself.
23 error Tell the author that this fails on your system:
23 error     tsc
23 error You can get information on how to open an issue for this project with:
23 error     npm bugs react-require-amd-ts
23 error Or if that isn't available, you can get their info via:
23 error     npm owner ls react-require-amd-ts
23 error There is likely additional logging output above.
24 verbose exit [ 1, true ]
